<?xml version="1.0" encoding="UTF-8"?>
<!-- Generated by org.testng.reporters.JUnitXMLReporter -->
<testsuite ignored="2" hostname="INBook_X1" failures="0" tests="4" name="Default test" time="0.163" errors="0" timestamp="2024-08-26T09:54:45 IST">
  <testcase classname="demo_NG.Method_NewClass_Demo" name="Amazonloginpassword" time="0.012"/>
  <testcase classname="demo_NG.Method_NewClass_Demo" name="Amazonloginusername" time="0.005"/>
  <testcase classname="demo_NG.Method_NewClass_Demo" name="Amazonloginusername" time="0.01"/>
  <testcase classname="demo_NG.Method_NewClass_Demo" name="Amazonloginusername" time="0.009"/>
  <testcase classname="demo_NG.Method_NewClass_Demo" name="Amazonloginurl" time="0.0">
    <ignored/>
  </testcase> <!-- Amazonloginurl -->
  <testcase classname="demo_NG.Method_NewClass_Demo" name="Amazonloginbutton" time="0.0">
    <ignored/>
  </testcase> <!-- Amazonloginbutton -->
</testsuite> <!-- Default test -->
