<?xml version="1.0" encoding="UTF-8"?>
<!-- Generated by org.testng.reporters.JUnitXMLReporter -->
<testsuite ignored="0" hostname="INBook_X1" failures="0" tests="4" name="Test1" time="0.037" errors="0" timestamp="2024-08-22T08:56:31 IST">
  <testcase classname="crossbrowser_Tester.CrossBrowserTesting" name="A" time="0.0">
    <skipped/>
  </testcase> <!-- A -->
  <testcase classname="crossbrowser_Tester.CrossBrowserTesting" name="B" time="0.0">
    <skipped/>
  </testcase> <!-- B -->
  <testcase classname="crossbrowser_Tester.CrossBrowserTesting" name="C" time="0.0">
    <skipped/>
  </testcase> <!-- C -->
  <testcase classname="crossbrowser_Tester.CrossBrowserTesting" name="D" time="0.0">
    <skipped/>
  </testcase> <!-- D -->
</testsuite> <!-- Test1 -->
